<?xml version="1.0" encoding="UTF-8"?>
<testsuite name="ru.mishkin.client.ClientAppTests" tests="1" skipped="0" failures="0" errors="0" timestamp="2024-02-15T22:11:03" hostname="DESKTOP-CGA13R0" time="0.68">
  <properties/>
  <testcase name="contextLoads()" classname="ru.mishkin.client.ClientAppTests" time="0.68"/>
  <system-out><![CDATA[01:11:01.658 [Test worker] INFO org.springframework.test.context.support.AnnotationConfigContextLoaderUtils -- Could not detect default configuration classes for test class [ru.mishkin.client.ClientAppTests]: ClientAppTests does not declare any static, non-private, non-final, nested classes annotated with @Configuration.
01:11:01.737 [Test worker] INFO org.springframework.boot.test.context.SpringBootTestContextBootstrapper -- Found @SpringBootConfiguration ru.mishkin.ClientApp for test class ru.mishkin.client.ClientAppTests

  .   ____          _            __ _ _
 /\\ / ___'_ __ _ _(_)_ __  __ _ \ \ \ \
( ( )\___ | '_ | '_| | '_ \/ _` | \ \ \ \
 \\/  ___)| |_)| | | | | || (_| |  ) ) ) )
  '  |____| .__|_| |_|_| |_\__, | / / / /
 =========|_|==============|___/=/_/_/_/
 :: Spring Boot ::                (v3.2.2)

2024-02-16T01:11:02.136+03:00  INFO 4012 --- [    Test worker] ru.mishkin.client.ClientAppTests         : Starting ClientAppTests using Java 21 with PID 4012 (started by Artem in C:\Users\Artem\Desktop\DomofonParser)
2024-02-16T01:11:02.137+03:00  INFO 4012 --- [    Test worker] ru.mishkin.client.ClientAppTests         : No active profile set, falling back to 1 default profile: "default"
2024-02-16T01:11:03.312+03:00  INFO 4012 --- [    Test worker] ru.mishkin.client.ClientAppTests         : Started ClientAppTests in 1.411 seconds (process running for 2.393)
]]></system-out>
  <system-err><![CDATA[WARNING: A Java agent has been loaded dynamically (C:\Users\Artem\.gradle\caches\modules-2\files-2.1\net.bytebuddy\byte-buddy-agent\1.14.11\f9cb566608fbac6bc7bf54901a7aa11543a989ee\byte-buddy-agent-1.14.11.jar)
WARNING: If a serviceability tool is in use, please run with -XX:+EnableDynamicAgentLoading to hide this warning
WARNING: If a serviceability tool is not in use, please run with -Djdk.instrument.traceUsage for more information
WARNING: Dynamic loading of agents will be disallowed by default in a future release
]]></system-err>
</testsuite>
